C51 COMPILER V9.54   MAIN                                                                  12/11/2022 20:05:52 PAGE 1   


C51 COMPILER V9.54, COMPILATION OF MODULE MAIN
OBJECT MODULE PLACED IN .\Objects\main.obj
COMPILER INVOKED BY: D:\Keil C51\C51\BIN\C51.EXE main.c OPTIMIZE(8,SPEED) BROWSE DEBUG OBJECTEXTEND PRINT(.\Listings\mai
                    -n.lst) OBJECT(.\Objects\main.obj)

line level    source

   1          #include <at89x51.h>
   2          
   3          #define TIME 20
   4          
   5          static unsigned char sleep = TIME;
   6          static unsigned int count;
   7          static unsigned char flag = 1;
   8          static unsigned char yellowLED = 0;
   9          static unsigned char leftLED = 0;
  10          static unsigned char time = TIME;
  11          static unsigned char button = TIME;
  12          static unsigned char walking_time = TIME - 10;
  13          unsigned char code number[] = {
  14          0x3F, 0x06, 0x5B, 0x4F, 0x66, 0x6D, 0x7D, 0x07, 0x7F, 0x6F
  15          };
  16          
  17          void showTime();
  18          
  19          void Delay1ms(unsigned int time){
  20   1              int i, j;
  21   1              for (i = 0; i < time; i++){
  22   2                      for (j = 0; j < 120; j++){;}
  23   2              }
  24   1      }
  25          
  26          void intt1() interrupt 1{
  27   1              TH0 = 15535 / 256;
  28   1              TL0 = 15535 % 256;
  29   1              count++;
  30   1              if (count == sleep * 20){
  31   2                      count = 0;
  32   2                      yellowLED = 0;
  33   2                      leftLED = 0;
  34   2                      sleep = button;
  35   2                      time = sleep;
  36   2                      flag = flag ^ 1;
  37   2                      walking_time = sleep - 10;
  38   2              }
  39   1              else if (count % 20 == 0){
  40   2                      time--;
  41   2                      if (walking_time > 0){
  42   3                              walking_time--;
  43   3                      }
  44   2              }
  45   1              if (count == sleep * 20 - 60 || count == (sleep / 2) * 20 - 60){
  46   2                      yellowLED = 1;
  47   2              }
  48   1              if (count == (sleep / 2) * 20){
  49   2                      leftLED = 1;
  50   2                      yellowLED = 0;
  51   2              }
  52   1      }
  53          
  54          void init(){
C51 COMPILER V9.54   MAIN                                                                  12/11/2022 20:05:52 PAGE 2   

  55   1              P0 = 0x00;
  56   1              P1 = 0x00;
  57   1              P2 = 0x00;
  58   1              P3 = 0x00;
  59   1              TMOD = 0x01;
  60   1              TH0 = -50000 / 256;
  61   1              TL0 = -50000 % 256;
  62   1              ET0 = 1;
  63   1              EA = 1;
  64   1              TR0 = 1;
  65   1      }
  66          
  67          void event(){
  68   1              unsigned char busy;
  69   1              unsigned char add;
  70   1              unsigned char subtract;
  71   1              P3_2 = 1;
  72   1              P3_6 = 1;
  73   1              P3_3 = 1;
  74   1              P3_4 = 1;
  75   1              busy = P3_6;
  76   1              add = P3_3;
  77   1              subtract = P3_4;
  78   1              Delay1ms(20);
  79   1              if (busy == 0){
  80   2                      ET0 = 0;
  81   2                      EA = 1;
  82   2                      do{
  83   3                              Delay1ms(20);
  84   3                              P3_2 = 1;
  85   3                              P3_6 = 1;
  86   3                              P2_7 = 1;
  87   3                              busy = P3_6;
  88   3                              Delay1ms(20);
  89   3                      }while(busy == 1);
  90   2                      P2_7 = 0;
  91   2                      ET0 = 1;
  92   2              }
  93   1              if (add == 0){
  94   2                      Delay1ms(20);
  95   2                      button += 1;
  96   2                      add = 1;
  97   2                      P2_7 = 1;
  98   2                      Delay1ms(200);
  99   2                      P2_7 = 0;
 100   2              }
 101   1              if (subtract == 0){
 102   2                      Delay1ms(20);
 103   2                      button -= 1;
 104   2                      subtract = 1;
 105   2                      P2_7 = 1;
 106   2                      Delay1ms(200);
 107   2                      P2_7 = 0;
 108   2              }
 109   1      }
 110          
 111          void showTime(){
 112   1              P0 = number[time / 10];
 113   1              P2 = 0x05;
 114   1              Delay1ms(5);
 115   1              P2 = 0x00;
 116   1              P0 = number[time % 10];
C51 COMPILER V9.54   MAIN                                                                  12/11/2022 20:05:52 PAGE 3   

 117   1              P2 = 0x0A;
 118   1              Delay1ms(5);
 119   1              P2 = 0x00;
 120   1              P0 = number[walking_time / 10];
 121   1              P2 = 0x20;
 122   1              Delay1ms(5);
 123   1              P2 = 0x00;
 124   1              P0 = number[walking_time % 10];
 125   1              P2 = 0x10;
 126   1              Delay1ms(5);
 127   1              P2 = 0x00;
 128   1      }
 129          
 130          void main(){
 131   1              init();
 132   1              P0 = number[time];
 133   1              P2_3 = 1;
 134   1              P0 = number[time];
 135   1              while(1){
 136   2                      if (flag == 1 && yellowLED == 0){
 137   3                              if (leftLED == 0){
 138   4                                      P1 = 0x82;
 139   4                                      P3 = 0x81;
 140   4                              }
 141   3                              else if (leftLED == 1){
 142   4                                      P1 = 0x89;
 143   4                                      P3 = 0x80;
 144   4                              }
 145   3                              
 146   3                              showTime();
 147   3                              event();
 148   3                      }
 149   2                      else if (flag == 0 && yellowLED == 0){
 150   3                              if (leftLED == 0){
 151   4                                      P1 = 0x28;
 152   4                                      P3 = 0x02;
 153   4                              }
 154   3                              else if (leftLED == 1){
 155   4                                      P1 = 0x98;
 156   4                                      P3 = 0x00;
 157   4                              }
 158   3                              showTime();
 159   3                              event();
 160   3                      }
 161   2                      if (flag == 1 && yellowLED == 1){
 162   3                              P3 = 0x81;
 163   3                              P1 = 0x84;
 164   3                              showTime();
 165   3                              event();
 166   3                      }
 167   2                      else if (flag == 0 && yellowLED == 1){
 168   3                              P3 = 0x02;
 169   3                              P1 = 0x48;
 170   3                              showTime();
 171   3                              event();
 172   3                      }
 173   2              }
 174   1      }


MODULE INFORMATION:   STATIC OVERLAYABLE
   CODE SIZE        =    589    ----
C51 COMPILER V9.54   MAIN                                                                  12/11/2022 20:05:52 PAGE 4   

   CONSTANT SIZE    =     10    ----
   XDATA SIZE       =   ----    ----
   PDATA SIZE       =   ----    ----
   DATA SIZE        =      9       2
   IDATA SIZE       =   ----    ----
   BIT SIZE         =   ----    ----
END OF MODULE INFORMATION.


C51 COMPILATION COMPLETE.  0 WARNING(S),  0 ERROR(S)
